# JRE version: OpenJDK Runtime Environment Temurin-21.0.10+7 (21.0.10+7) (build 21.0.10+7-LTS)
# Java VM: OpenJDK 64-Bit Server VM Temurin-21.0.10+7 (21.0.10+7-LTS, mixed mode, emulated-client, sharing, tiered, compressed oops, compressed class ptrs, g1 gc, bsd-aarch64)
GC Precious Log:
 CardTable entry size: 512
 Card Set container configuration: InlinePtr #cards 5 size 8 Array Of Cards #cards 12 size 40 Howl #buckets 4 coarsen threshold 1843 Howl Bitmap #cards 512 size 80 coarsen threshold 460 Card regions per heap region 1 cards per card region 2048
 CPUs: 8 total, 8 available
 Memory: 8192M
 Large Page Support: Disabled
 NUMA Support: Disabled
 Compressed Oops: Enabled (Zero based)
 Heap Region Size: 1M
 Heap Min Capacity: 8M
 Heap Initial Capacity: 128M
 Heap Max Capacity: 2G
 Pre-touch: Disabled
 Parallel Workers: 8
 Concurrent Workers: 2
 Concurrent Refinement Workers: 8
 Periodic GC: Disabled
Heap:
 garbage-first heap   total 51200K, used 32342K [0x0000000780000000, 0x0000000800000000)
  region size 1024K, 20 young (20480K), 0 survivors (0K)
 Metaspace       used 34445K, committed 35328K, reserved 1114112K
  class space    used 4634K, committed 4992K, reserved 1048576K
GC Heap History (20 events):
Event: 41529.715 GC heap before
{Heap before GC invocations=21 (full 0):
 garbage-first heap   total 59392K, used 50445K [0x0000000780000000, 0x0000000800000000)
  region size 1024K, 34 young (34816K), 2 survivors (2048K)
 Metaspace       used 34470K, committed 35136K, reserved 1114112K
  class space    used 4657K, committed 4928K, reserved 1048576K
}
Event: 41529.733 GC heap after
{Heap after GC invocations=22 (full 0):
 garbage-first heap   total 59392K, used 17677K [0x0000000780000000, 0x0000000800000000)
  region size 1024K, 2 young (2048K), 2 survivors (2048K)
 Metaspace       used 34470K, committed 35136K, reserved 1114112K
  class space    used 4657K, committed 4928K, reserved 1048576K
}
Event: 45382.565 GC heap before
{Heap before GC invocations=22 (full 0):
 garbage-first heap   total 59392K, used 50445K [0x0000000780000000, 0x0000000800000000)
  region size 1024K, 34 young (34816K), 2 survivors (2048K)
 Metaspace       used 34470K, committed 35136K, reserved 1114112K
  class space    used 4657K, committed 4928K, reserved 1048576K
}
Event: 45382.582 GC heap after
{Heap after GC invocations=23 (full 0):
 garbage-first heap   total 59392K, used 17641K [0x0000000780000000, 0x0000000800000000)
  region size 1024K, 2 young (2048K), 2 survivors (2048K)
 Metaspace       used 34470K, committed 35136K, reserved 1114112K
  class space    used 4657K, committed 4928K, reserved 1048576K
}
Event: 49241.183 GC heap before
{Heap before GC invocations=23 (full 0):
 garbage-first heap   total 59392K, used 50409K [0x0000000780000000, 0x0000000800000000)
  region size 1024K, 34 young (34816K), 2 survivors (2048K)
 Metaspace       used 34470K, committed 35136K, reserved 1114112K
  class space    used 4657K, committed 4928K, reserved 1048576K
}
Event: 49241.198 GC heap after
{Heap after GC invocations=24 (full 0):
 garbage-first heap   total 59392K, used 17682K [0x0000000780000000, 0x0000000800000000)
  region size 1024K, 2 young (2048K), 2 survivors (2048K)
 Metaspace       used 34470K, committed 35136K, reserved 1114112K
  class space    used 4657K, committed 4928K, reserved 1048576K
}
Event: 53103.148 GC heap before
{Heap before GC invocations=24 (full 0):
 garbage-first heap   total 59392K, used 50450K [0x0000000780000000, 0x0000000800000000)
  region size 1024K, 34 young (34816K), 2 survivors (2048K)
 Metaspace       used 34470K, committed 35136K, reserved 1114112K
  class space    used 4657K, committed 4928K, reserved 1048576K
}
Event: 53103.167 GC heap after
{Heap after GC invocations=25 (full 0):
 garbage-first heap   total 59392K, used 17688K [0x0000000780000000, 0x0000000800000000)
  region size 1024K, 2 young (2048K), 2 survivors (2048K)
 Metaspace       used 34470K, committed 35136K, reserved 1114112K
  class space    used 4657K, committed 4928K, reserved 1048576K
}
Event: 56951.493 GC heap before
{Heap before GC invocations=25 (full 0):
 garbage-first heap   total 59392K, used 50456K [0x0000000780000000, 0x0000000800000000)
  region size 1024K, 34 young (34816K), 2 survivors (2048K)
 Metaspace       used 34470K, committed 35136K, reserved 1114112K
  class space    used 4657K, committed 4928K, reserved 1048576K
}
Event: 56951.523 GC heap after
{Heap after GC invocations=26 (full 0):
 garbage-first heap   total 59392K, used 17748K [0x0000000780000000, 0x0000000800000000)
  region size 1024K, 1 young (1024K), 1 survivors (1024K)
 Metaspace       used 34470K, committed 35136K, reserved 1114112K
  class space    used 4657K, committed 4928K, reserved 1048576K
}
Event: 60924.323 GC heap before
{Heap before GC invocations=26 (full 0):
 garbage-first heap   total 59392K, used 51540K [0x0000000780000000, 0x0000000800000000)
  region size 1024K, 34 young (34816K), 1 survivors (1024K)
 Metaspace       used 34470K, committed 35136K, reserved 1114112K
  class space    used 4657K, committed 4928K, reserved 1048576K
}
Event: 60924.332 GC heap after
{Heap after GC invocations=27 (full 0):
 garbage-first heap   total 59392K, used 17763K [0x0000000780000000, 0x0000000800000000)
  region size 1024K, 1 young (1024K), 1 survivors (1024K)
 Metaspace       used 34470K, committed 35136K, reserved 1114112K
  class space    used 4657K, committed 4928K, reserved 1048576K
}
Event: 64930.962 GC heap before
{Heap before GC invocations=27 (full 0):
 garbage-first heap   total 59392K, used 51555K [0x0000000780000000, 0x0000000800000000)
  region size 1024K, 34 young (34816K), 1 survivors (1024K)
 Metaspace       used 34470K, committed 35136K, reserved 1114112K
  class space    used 4657K, committed 4928K, reserved 1048576K
}
Event: 64930.973 GC heap after
{Heap after GC invocations=28 (full 0):
 garbage-first heap   total 59392K, used 17753K [0x0000000780000000, 0x0000000800000000)
  region size 1024K, 1 young (1024K), 1 survivors (1024K)
 Metaspace       used 34470K, committed 35136K, reserved 1114112K
  class space    used 4657K, committed 4928K, reserved 1048576K
}
Event: 68852.328 GC heap before
{Heap before GC invocations=28 (full 0):
 garbage-first heap   total 59392K, used 51545K [0x0000000780000000, 0x0000000800000000)
  region size 1024K, 34 young (34816K), 1 survivors (1024K)
 Metaspace       used 34480K, committed 35136K, reserved 1114112K
  class space    used 4659K, committed 4928K, reserved 1048576K
}
Event: 68852.336 GC heap after
{Heap after GC invocations=29 (full 0):
 garbage-first heap   total 59392K, used 17767K [0x0000000780000000, 0x0000000800000000)
  region size 1024K, 1 young (1024K), 1 survivors (1024K)
 Metaspace       used 34480K, committed 35136K, reserved 1114112K
  class space    used 4659K, committed 4928K, reserved 1048576K
}
Event: 72676.478 GC heap before
{Heap before GC invocations=29 (full 0):
 garbage-first heap   total 59392K, used 51559K [0x0000000780000000, 0x0000000800000000)
  region size 1024K, 34 young (34816K), 1 survivors (1024K)
 Metaspace       used 34480K, committed 35136K, reserved 1114112K
  class space    used 4659K, committed 4928K, reserved 1048576K
}
Event: 72676.493 GC heap after
{Heap after GC invocations=30 (full 0):
 garbage-first heap   total 59392K, used 17787K [0x0000000780000000, 0x0000000800000000)
  region size 1024K, 1 young (1024K), 1 survivors (1024K)
 Metaspace       used 34480K, committed 35136K, reserved 1114112K
  class space    used 4659K, committed 4928K, reserved 1048576K
}
Event: 74623.163 GC heap before
{Heap before GC invocations=30 (full 0):
 garbage-first heap   total 59392K, used 37243K [0x0000000780000000, 0x0000000800000000)
  region size 1024K, 21 young (21504K), 1 survivors (1024K)
 Metaspace       used 34669K, committed 35328K, reserved 1114112K
  class space    used 4692K, committed 4992K, reserved 1048576K
}
Event: 74623.322 GC heap after
{Heap after GC invocations=31 (full 1):
 garbage-first heap   total 51200K, used 12886K [0x0000000780000000, 0x0000000800000000)
  region size 1024K, 0 young (0K), 0 survivors (0K)
 Metaspace       used 34351K, committed 35328K, reserved 1114112K
  class space    used 4608K, committed 4992K, reserved 1048576K
}

